[23-01-14 03:06:28,544]payment_log.py:(20)-DEBUG - start of execution time: 2023-01-14 03:06:28.544473
[23-01-14 03:06:28,544]payment_log.py:(23)-DEBUG - Number of arguments passed is 3
[23-01-14 03:06:28,545]payment_log.py:(26)-DEBUG - Arguments passed are - msisdn:9845000000 and search date:20210616
[23-01-14 03:06:28,545]payment_log.py:(38)-INFO - data rentention is by default defined for 1 day.
[23-01-14 03:06:28,545]payment_log.py:(41)-INFO - back date: 20230113
[23-01-14 03:06:28,545]payment_log.py:(47)-INFO - out directory already exists.
[23-01-14 03:06:28,545]payment_log.py:(53)-INFO - out/automation directory already exists. Going to fetch 20230113 dated files and remove.
[23-01-14 03:06:28,546]payment_log.py:(55)-INFO - 

[23-01-14 03:06:28,546]payment_log.py:(56)-INFO - Log aggregation for automation started
[23-01-14 03:06:28,546]payment_log.py:(57)-INFO - *******************************************
[23-01-14 03:06:28,546]payment_log.py:(142)-INFO - back dated file does not exists
[23-01-14 03:06:28,546]/UMAR/python/automation/payment_log_aggregator/input_validation.py:(28)-INFO - msisdn:9845000000 and formatted msisdn after removal of special character just for creating out file:9845000000
[23-01-14 03:06:28,552]/UMAR/python/automation/payment_log_aggregator/input_validation.py:(41)-DEBUG - Transaction date entered is valid : 20210616
[23-01-14 03:06:28,552]payment_log.py:(70)-INFO - 

[23-01-14 03:06:28,552]/UMAR/python/automation/payment_log_aggregator/path_initializer.py:(187)-INFO - 

[23-01-14 03:06:28,552]/UMAR/python/automation/payment_log_aggregator/path_initializer.py:(188)-INFO - process name: GRIFF and log4j path: /KETAN/griff-tomcat/conf/griff/resources/log4j2.xml
[23-01-14 03:06:28,553]/UMAR/python/automation/payment_log_aggregator/path_initializer.py:(86)-INFO - 

[23-01-14 03:06:28,553]/UMAR/python/automation/payment_log_aggregator/path_initializer.py:(87)-INFO - GRIFF TOMCAT LOG4J2 PROPERTY INITIALIZED
[23-01-14 03:06:28,553]/UMAR/python/automation/payment_log_aggregator/path_initializer.py:(89)-INFO - ####################################################################################################
[23-01-14 03:06:28,553]/UMAR/python/automation/payment_log_aggregator/path_initializer.py:(92)-INFO - log.basePath : /KETAN/griff-tomcat/logs
[23-01-14 03:06:28,554]/UMAR/python/automation/payment_log_aggregator/path_initializer.py:(92)-INFO - log.backupBasePath : /KETAN/griff-tomcat/logsBackup
[23-01-14 03:06:28,554]/UMAR/python/automation/payment_log_aggregator/path_initializer.py:(92)-INFO - log.rollover.datePattern : yyyy-MM-dd-*
[23-01-14 03:06:28,554]/UMAR/python/automation/payment_log_aggregator/path_initializer.py:(92)-INFO - log.rollover.extension : zip
[23-01-14 03:06:28,554]/UMAR/python/automation/payment_log_aggregator/path_initializer.py:(94)-INFO - 

[23-01-14 03:06:28,555]/UMAR/python/automation/payment_log_aggregator/path_initializer.py:(378)-INFO - No Appender defined for the logger: RBT
[23-01-14 03:06:28,555]/UMAR/python/automation/payment_log_aggregator/path_initializer.py:(378)-INFO - No Appender defined for the logger: MNP
[23-01-14 03:06:28,555]/UMAR/python/automation/payment_log_aggregator/path_initializer.py:(378)-INFO - No Appender defined for the logger: CGLOG
[23-01-14 03:06:28,555]/UMAR/python/automation/payment_log_aggregator/path_initializer.py:(378)-INFO - No Appender defined for the logger: SHORTURL
[23-01-14 03:06:28,556]/UMAR/python/automation/payment_log_aggregator/path_initializer.py:(378)-INFO - No Appender defined for the logger: PACKS
[23-01-14 03:06:28,556]/UMAR/python/automation/payment_log_aggregator/path_initializer.py:(378)-INFO - No Appender defined for the logger: PRISM
[23-01-14 03:06:28,556]/UMAR/python/automation/payment_log_aggregator/path_initializer.py:(378)-INFO - No Appender defined for the logger: TONEPLAYER
[23-01-14 03:06:28,557]payment_log.py:(79)-INFO - 

[23-01-14 03:06:28,557]payment_log.py:(81)-INFO - GRIFF TOMCAT PATH INITIALIZED
[23-01-14 03:06:28,557]payment_log.py:(83)-INFO - ####################################################################################################
[23-01-14 03:06:28,558]payment_log.py:(85)-INFO - griff_tomcat_access_path : /KETAN/griff-tomcat/logs
[23-01-14 03:06:28,558]payment_log.py:(85)-INFO - griff_process_home_directory : /KETAN/griff-tomcat
[23-01-14 03:06:28,558]payment_log.py:(85)-INFO - griff_WARMUP_log : /KETAN/griff-tomcat/logs/warmup.log
[23-01-14 03:06:28,558]payment_log.py:(85)-INFO - griff_WARMUP_backup_log : /KETAN/griff-tomcat/logsBackup/warmup/warmup-yyyy-MM-dd-*.zip
[23-01-14 03:06:28,558]payment_log.py:(85)-INFO - griff_THRIFT_CALLLOG_log : /KETAN/griff-tomcat/logs/thriftcalllog.log
[23-01-14 03:06:28,558]payment_log.py:(85)-INFO - griff_THRIFT_CALLLOG_backup_log : /KETAN/griff-tomcat/logsBackup/thriftcalllog/thriftcalllog-yyyy-MM-dd-*.zip
[23-01-14 03:06:28,558]payment_log.py:(85)-INFO - griff_TCP_CALLLOG_log : /KETAN/griff-tomcat/logs/tcpcalllog.log
[23-01-14 03:06:28,558]payment_log.py:(85)-INFO - griff_TCP_CALLLOG_backup_log : /KETAN/griff-tomcat/logsBackup/tcpcalllog/tcpcalllog-yyyy-MM-dd-*.zip
[23-01-14 03:06:28,558]payment_log.py:(85)-INFO - griff_TCP_VIRAL_LOG_log : /KETAN/griff-tomcat/logs/tcpvirallog.log
[23-01-14 03:06:28,558]payment_log.py:(85)-INFO - griff_TCP_VIRAL_LOG_backup_log : /KETAN/griff-tomcat/logsBackup/tcpvirallog/tcpvirallog-yyyy-MM-dd-*.zip
[23-01-14 03:06:28,558]payment_log.py:(85)-INFO - griff_TPTLOGAppender_log : /KETAN/griff-tomcat/files/EXT_HITS/exthits.csv
[23-01-14 03:06:28,559]payment_log.py:(85)-INFO - griff_TPTLOGAppender_backup_log : /KETAN/griff-tomcat/logsBackup/EXT_HITS/exthits-yyyy-MM-dd-*.zip
[23-01-14 03:06:28,559]payment_log.py:(85)-INFO - griff_GRIFFORIGINAL_log : /KETAN/griff-tomcat/logs/griff.log
[23-01-14 03:06:28,559]payment_log.py:(85)-INFO - griff_GRIFFORIGINAL_backup_log : /KETAN/griff-tomcat/logsBackup/griff/griff-yyyy-MM-dd-*.zip
[23-01-14 03:06:28,559]payment_log.py:(85)-INFO - griff_ERROR_log : /KETAN/griff-tomcat/logs/error.log
[23-01-14 03:06:28,559]payment_log.py:(85)-INFO - griff_ERROR_backup_log : /KETAN/griff-tomcat/logsBackup/error/error-yyyy-MM-dd-*.zip
[23-01-14 03:06:28,559]payment_log.py:(85)-INFO - griff_SNMP_log : /KETAN/griff-tomcat/logs/snmp.log
[23-01-14 03:06:28,559]payment_log.py:(85)-INFO - griff_SNMP_backup_log : /KETAN/griff-tomcat/logsBackup/snmp/snmp-yyyy-MM-dd-*.zip
[23-01-14 03:06:28,559]payment_log.py:(85)-INFO - griff_transactions_log : /KETAN/griff-tomcat/files/MESSAGE/message.log
[23-01-14 03:06:28,559]payment_log.py:(85)-INFO - griff_transactions_backup_log : /KETAN/griff-tomcat/filesBackup/MESSAGE/message-yyyy-MM-dd-*.zip
[23-01-14 03:06:28,559]payment_log.py:(85)-INFO - griff_TLOG_log : /KETAN/griff-tomcat/files/TLOG/griffTLog.csv
[23-01-14 03:06:28,559]payment_log.py:(85)-INFO - griff_TLOG_backup_log : /KETAN/griff-tomcat/filesBackup/TLOG/griffTLog-yyyy-MM-dd-*.zip
[23-01-14 03:06:28,560]payment_log.py:(85)-INFO - griff_RECOLOG_log : /KETAN/griff-tomcat/files/RECO/recoLog.log
[23-01-14 03:06:28,560]payment_log.py:(85)-INFO - griff_RECOLOG_backup_log : /KETAN/griff-tomcat/filesBackup/RECO/recoLog-yyyy-MM-dd-*.zip
[23-01-14 03:06:28,560]payment_log.py:(85)-INFO - griff_someLogAppender_log : /KETAN/griff-tomcat/logs/axis.log
[23-01-14 03:06:28,560]payment_log.py:(85)-INFO - griff_someLogAppender_backup_log : /KETAN/griff-tomcat/logsBackup/axis/axis-yyyy-MM-dd-*.zip
[23-01-14 03:06:28,560]payment_log.py:(85)-INFO - griff_SOAP_log : /KETAN/griff-tomcat/logs/soap.log
[23-01-14 03:06:28,560]payment_log.py:(85)-INFO - griff_SOAP_backup_log : /KETAN/griff-tomcat/logsBackup/griff/soap-yyyy-MM-dd-*.zip
[23-01-14 03:06:28,560]payment_log.py:(85)-INFO - griff_USERTOKENTLOGAppender_log : /KETAN/griff-tomcat/files/usertokentlog.csv
[23-01-14 03:06:28,560]payment_log.py:(85)-INFO - griff_USERTOKENTLOGAppender_backup_log : /KETAN/griff-tomcat/logsBackup/usertokentlog-yyyy-MM-dd-*.zip
[23-01-14 03:06:28,560]payment_log.py:(85)-INFO - griff_GRIFFSUBTLOGAppender_log : /KETAN/griff-tomcat/files/GRIFF_SUB/griffsubtlog.csv
[23-01-14 03:06:28,560]payment_log.py:(85)-INFO - griff_GRIFFSUBTLOGAppender_backup_log : /KETAN/griff-tomcat/logsBackup/GRIFF_SUB/griffsubtlog-yyyy-MM-dd-*.zip
[23-01-14 03:06:28,560]/UMAR/python/automation/payment_log_aggregator/path_initializer.py:(187)-INFO - 

[23-01-14 03:06:28,561]/UMAR/python/automation/payment_log_aggregator/path_initializer.py:(188)-INFO - process name: PACKS and log4j path: /KETAN/pack-tomcat/conf/packs/log4j2.xml
[23-01-14 03:06:28,562]/UMAR/python/automation/payment_log_aggregator/path_initializer.py:(173)-INFO - Properties not defined in PACKS log4j2.xml,We will try to fetch appender path without place holder.
[23-01-14 03:06:28,562]payment_log.py:(98)-INFO - 

[23-01-14 03:06:28,562]payment_log.py:(100)-INFO - PACKS TOMCAT PATH INITIALIZED
[23-01-14 03:06:28,562]payment_log.py:(102)-INFO - ####################################################################################################
[23-01-14 03:06:28,562]payment_log.py:(104)-INFO - packs_tomcat_access_path : /KETAN/pack-tomcat/logs
[23-01-14 03:06:28,562]payment_log.py:(104)-INFO - packs_process_home_directory : /KETAN/pack-tomcat
[23-01-14 03:06:28,562]/UMAR/python/automation/payment_log_aggregator/log_processor.py:(19)-DEBUG - griff tomcat tlog path exists.
[23-01-14 03:06:28,565]/UMAR/python/automation/payment_log_aggregator/tlog.py:(21)-INFO - tlog files: ['/KETAN/griff-tomcat/files/TLOG/griffTLog.csv', '/KETAN/griff-tomcat/files/TLOG/griffTLog-2021-06-16-1.csv']
[23-01-14 03:06:28,567]/UMAR/python/automation/payment_log_aggregator/tlog.py:(29)-INFO - backup tlog files: ['/KETAN/griff-tomcat/filesBackup/TLOG/griffTLog-2021-06-16-1.zip']
